<?xml version="1.0" encoding="UTF-8"?>
<!-- Generated by org.testng.reporters.JUnitXMLReporter -->
<testsuite ignored="0" hostname="SONIC" failures="3" tests="3" name="Default test" time="16.408" errors="0" timestamp="2025-04-18T19:59:52 IST">
  <testcase classname="io.cucumber.testng.AbstractTestNGCucumberTests" name="runScenario" time="5.291">
    <failure type="java.lang.AssertionError" message="expected [true] but found [false]">
      <![CDATA[java.lang.AssertionError: expected [true] but found [false]
at org.testng.Assert.fail(Assert.java:111)
at org.testng.Assert.failNotEquals(Assert.java:1590)
at org.testng.Assert.assertTrue(Assert.java:57)
at org.testng.Assert.assertTrue(Assert.java:67)
at StepDefinition.ProductSearch.i_should_be_able_to_see_the_list_of_Products_getting_displayed(ProductSearch.java:52)
at ✽.i should be able to see the list of "<Products>" getting displayed(file:///C:/Users/javed/eclipse-workspace/Selenium_Java_Hybrid_Framework/src/test/java/Features/ProductSearch.feature:6)
]]>
    </failure>
  </testcase> <!-- runScenario -->
  <testcase classname="io.cucumber.testng.AbstractTestNGCucumberTests" name="runScenario" time="5.175">
    <failure type="java.lang.AssertionError" message="expected [true] but found [false]">
      <![CDATA[java.lang.AssertionError: expected [true] but found [false]
at org.testng.Assert.fail(Assert.java:111)
at org.testng.Assert.failNotEquals(Assert.java:1590)
at org.testng.Assert.assertTrue(Assert.java:57)
at org.testng.Assert.assertTrue(Assert.java:67)
at StepDefinition.ProductSearch.i_should_be_able_to_see_the_list_of_Products_getting_displayed(ProductSearch.java:52)
at ✽.i should be able to see the list of "<Products>" getting displayed(file:///C:/Users/javed/eclipse-workspace/Selenium_Java_Hybrid_Framework/src/test/java/Features/ProductSearch.feature:6)
]]>
    </failure>
  </testcase> <!-- runScenario -->
  <testcase classname="io.cucumber.testng.AbstractTestNGCucumberTests" name="runScenario" time="5.321">
    <failure type="java.lang.AssertionError" message="expected [true] but found [false]">
      <![CDATA[java.lang.AssertionError: expected [true] but found [false]
at org.testng.Assert.fail(Assert.java:111)
at org.testng.Assert.failNotEquals(Assert.java:1590)
at org.testng.Assert.assertTrue(Assert.java:57)
at org.testng.Assert.assertTrue(Assert.java:67)
at StepDefinition.ProductSearch.i_should_be_able_to_see_the_list_of_Products_getting_displayed(ProductSearch.java:52)
at ✽.i should be able to see the list of "<Products>" getting displayed(file:///C:/Users/javed/eclipse-workspace/Selenium_Java_Hybrid_Framework/src/test/java/Features/ProductSearch.feature:6)
]]>
    </failure>
  </testcase> <!-- runScenario -->
</testsuite> <!-- Default test -->
