<?xml version="1.0" encoding="UTF-8"?>
<testng-results ignored="0" total="3" passed="0" failed="3" skipped="0">
  <reporter-output>
  </reporter-output>
  <suite started-at="2025-04-18T19:59:35 IST" name="Default suite" finished-at="2025-04-18T19:59:52 IST" duration-ms="16408">
    <groups>
      <group name="cucumber">
        <method signature="AbstractTestNGCucumberTests.runScenario(io.cucumber.testng.PickleWrapper,io.cucumber.testng.FeatureWrapper)[pri:0, instance:Runner.runner@533bda92]" name="runScenario" class="io.cucumber.testng.AbstractTestNGCucumberTests"/>
      </group> <!-- cucumber -->
    </groups>
    <test started-at="2025-04-18T19:59:35 IST" name="Default test" finished-at="2025-04-18T19:59:52 IST" duration-ms="16408">
      <class name="Runner.runner">
        <test-method is-config="true" signature="setUpClass(org.testng.ITestContext)[pri:0, instance:Runner.runner@533bda92]" started-at="2025-04-18T19:59:36 IST" name="setUpClass" finished-at="2025-04-18T19:59:36 IST" duration-ms="525" status="PASS">
          <params>
            <param index="0">
              <value>
                <![CDATA[org.testng.TestRunner@5ed4bc]]>
              </value>
            </param>
          </params>
          <reporter-output>
          </reporter-output>
        </test-method> <!-- setUpClass -->
        <test-method signature="runScenario(io.cucumber.testng.PickleWrapper,io.cucumber.testng.FeatureWrapper)[pri:0, instance:Runner.runner@533bda92]" started-at="2025-04-18T19:59:36 IST" name="runScenario" description="Runs Cucumber Scenarios" data-provider="scenarios" finished-at="2025-04-18T19:59:41 IST" duration-ms="5291" status="FAIL">
          <params>
            <param index="0">
              <value>
                <![CDATA["Search Product and verify the displyed Items"]]>
              </value>
            </param>
            <param index="1">
              <value>
                <![CDATA["Search an Product and verify the Result Test"]]>
              </value>
            </param>
          </params>
          <exception class="java.lang.AssertionError">
            <message>
              <![CDATA[expected [true] but found [false]]]>
            </message>
            <full-stacktrace>
              <![CDATA[java.lang.AssertionError: expected [true] but found [false]
at org.testng.Assert.fail(Assert.java:111)
at org.testng.Assert.failNotEquals(Assert.java:1590)
at org.testng.Assert.assertTrue(Assert.java:57)
at org.testng.Assert.assertTrue(Assert.java:67)
at StepDefinition.ProductSearch.i_should_be_able_to_see_the_list_of_Products_getting_displayed(ProductSearch.java:52)
at ✽.i should be able to see the list of "<Products>" getting displayed(file:///C:/Users/javed/eclipse-workspace/Selenium_Java_Hybrid_Framework/src/test/java/Features/ProductSearch.feature:6)
]]>
            </full-stacktrace>
          </exception> <!-- java.lang.AssertionError -->
          <reporter-output>
          </reporter-output>
        </test-method> <!-- runScenario -->
        <test-method signature="runScenario(io.cucumber.testng.PickleWrapper,io.cucumber.testng.FeatureWrapper)[pri:0, instance:Runner.runner@533bda92]" started-at="2025-04-18T19:59:41 IST" name="runScenario" description="Runs Cucumber Scenarios" data-provider="scenarios" finished-at="2025-04-18T19:59:47 IST" duration-ms="5175" status="FAIL">
          <params>
            <param index="0">
              <value>
                <![CDATA["Search Product and verify the displyed Items"]]>
              </value>
            </param>
            <param index="1">
              <value>
                <![CDATA["Search an Product and verify the Result Test"]]>
              </value>
            </param>
          </params>
          <exception class="java.lang.AssertionError">
            <message>
              <![CDATA[expected [true] but found [false]]]>
            </message>
            <full-stacktrace>
              <![CDATA[java.lang.AssertionError: expected [true] but found [false]
at org.testng.Assert.fail(Assert.java:111)
at org.testng.Assert.failNotEquals(Assert.java:1590)
at org.testng.Assert.assertTrue(Assert.java:57)
at org.testng.Assert.assertTrue(Assert.java:67)
at StepDefinition.ProductSearch.i_should_be_able_to_see_the_list_of_Products_getting_displayed(ProductSearch.java:52)
at ✽.i should be able to see the list of "<Products>" getting displayed(file:///C:/Users/javed/eclipse-workspace/Selenium_Java_Hybrid_Framework/src/test/java/Features/ProductSearch.feature:6)
]]>
            </full-stacktrace>
          </exception> <!-- java.lang.AssertionError -->
          <reporter-output>
          </reporter-output>
        </test-method> <!-- runScenario -->
        <test-method signature="runScenario(io.cucumber.testng.PickleWrapper,io.cucumber.testng.FeatureWrapper)[pri:0, instance:Runner.runner@533bda92]" started-at="2025-04-18T19:59:47 IST" name="runScenario" description="Runs Cucumber Scenarios" data-provider="scenarios" finished-at="2025-04-18T19:59:52 IST" duration-ms="5321" status="FAIL">
          <params>
            <param index="0">
              <value>
                <![CDATA["Search Product and verify the displyed Items"]]>
              </value>
            </param>
            <param index="1">
              <value>
                <![CDATA["Search an Product and verify the Result Test"]]>
              </value>
            </param>
          </params>
          <exception class="java.lang.AssertionError">
            <message>
              <![CDATA[expected [true] but found [false]]]>
            </message>
            <full-stacktrace>
              <![CDATA[java.lang.AssertionError: expected [true] but found [false]
at org.testng.Assert.fail(Assert.java:111)
at org.testng.Assert.failNotEquals(Assert.java:1590)
at org.testng.Assert.assertTrue(Assert.java:57)
at org.testng.Assert.assertTrue(Assert.java:67)
at StepDefinition.ProductSearch.i_should_be_able_to_see_the_list_of_Products_getting_displayed(ProductSearch.java:52)
at ✽.i should be able to see the list of "<Products>" getting displayed(file:///C:/Users/javed/eclipse-workspace/Selenium_Java_Hybrid_Framework/src/test/java/Features/ProductSearch.feature:6)
]]>
            </full-stacktrace>
          </exception> <!-- java.lang.AssertionError -->
          <reporter-output>
          </reporter-output>
        </test-method> <!-- runScenario -->
        <test-method is-config="true" signature="tearDownClass()[pri:0, instance:Runner.runner@533bda92]" started-at="2025-04-18T19:59:52 IST" name="tearDownClass" finished-at="2025-04-18T19:59:52 IST" duration-ms="55" status="PASS">
          <reporter-output>
          </reporter-output>
        </test-method> <!-- tearDownClass -->
      </class> <!-- Runner.runner -->
    </test> <!-- Default test -->
  </suite> <!-- Default suite -->
</testng-results>
