<?xml version="1.0" encoding="UTF-8"?>
<!-- Generated by org.testng.reporters.JUnitReportReporter -->
<testsuite hostname="SONIC" failures="3" tests="3" name="Runner.runner" time="15.787" errors="0" timestamp="2025-04-18T19:59:52 IST" skipped="0">
  <testcase classname="Runner.runner" name="runScenario" time="5.291">
    <failure message="expected [true] but found [false]" type="java.lang.AssertionError">
      <![CDATA[java.lang.AssertionError: expected [true] but found [false]
at org.testng.Assert.fail(Assert.java:111)
at org.testng.Assert.failNotEquals(Assert.java:1590)
at org.testng.Assert.assertTrue(Assert.java:57)
at org.testng.Assert.assertTrue(Assert.java:67)
at StepDefinition.ProductSearch.i_should_be_able_to_see_the_list_of_Products_getting_displayed(ProductSearch.java:52)
at ✽.i should be able to see the list of "<Products>" getting displayed(file:///C:/Users/javed/eclipse-workspace/Selenium_Java_Hybrid_Framework/src/test/java/Features/ProductSearch.feature:6)
]]>
    </failure>
  </testcase> <!-- runScenario -->
  <testcase classname="Runner.runner" name="runScenario" time="5.175">
    <failure message="expected [true] but found [false]" type="java.lang.AssertionError">
      <![CDATA[java.lang.AssertionError: expected [true] but found [false]
at org.testng.Assert.fail(Assert.java:111)
at org.testng.Assert.failNotEquals(Assert.java:1590)
at org.testng.Assert.assertTrue(Assert.java:57)
at org.testng.Assert.assertTrue(Assert.java:67)
at StepDefinition.ProductSearch.i_should_be_able_to_see_the_list_of_Products_getting_displayed(ProductSearch.java:52)
at ✽.i should be able to see the list of "<Products>" getting displayed(file:///C:/Users/javed/eclipse-workspace/Selenium_Java_Hybrid_Framework/src/test/java/Features/ProductSearch.feature:6)
]]>
    </failure>
  </testcase> <!-- runScenario -->
  <testcase classname="Runner.runner" name="runScenario" time="5.321">
    <failure message="expected [true] but found [false]" type="java.lang.AssertionError">
      <![CDATA[java.lang.AssertionError: expected [true] but found [false]
at org.testng.Assert.fail(Assert.java:111)
at org.testng.Assert.failNotEquals(Assert.java:1590)
at org.testng.Assert.assertTrue(Assert.java:57)
at org.testng.Assert.assertTrue(Assert.java:67)
at StepDefinition.ProductSearch.i_should_be_able_to_see_the_list_of_Products_getting_displayed(ProductSearch.java:52)
at ✽.i should be able to see the list of "<Products>" getting displayed(file:///C:/Users/javed/eclipse-workspace/Selenium_Java_Hybrid_Framework/src/test/java/Features/ProductSearch.feature:6)
]]>
    </failure>
  </testcase> <!-- runScenario -->
</testsuite> <!-- Runner.runner -->
